<?xml version="1.0" encoding="UTF-8"?>
<!-- Generated by org.testng.reporters.JUnitXMLReporter -->
<testsuite ignored="0" hostname="DESKTOP-J52LTSG" failures="0" tests="3" name="Default test" time="31.816" errors="0" timestamp="2022-11-18T10:42:10 IST">
  <testcase classname="com.TestNg.AmazonTestNg" name="productName" time="2.866"/>
  <testcase classname="com.TestNg.AmazonTestNg" name="allProductName" time="18.337"/>
  <testcase classname="com.TestNg.AmazonTestNg" name="totalNumberOfProduct" time="3.123"/>
</testsuite> <!-- Default test -->
