<?xml version="1.0" encoding="UTF-8"?>
<!-- Generated by org.testng.reporters.JUnitXMLReporter -->
<testsuite ignored="0" hostname="DESKTOP-J52LTSG" failures="0" tests="3" name="Test" time="96.293" errors="0" timestamp="2022-11-23T11:55:39 IST">
  <testcase classname="com.TestNg.AmazonTestNg" name="productName" time="2.545"/>
  <testcase classname="com.TestNg.AmazonTestNg" name="allProductName" time="41.884"/>
  <testcase classname="com.TestNg.AmazonTestNg" name="totalNumberOfProduct" time="3.069"/>
</testsuite> <!-- Test -->
