<?xml version="1.0" encoding="UTF-8"?>
<testng-results ignored="0" total="3" passed="3" failed="0" skipped="0">
  <reporter-output>
  </reporter-output>
  <suite started-at="2022-11-23T11:54:03 IST" name="Suite" finished-at="2022-11-23T11:55:39 IST" duration-ms="96293">
    <groups>
    </groups>
    <test started-at="2022-11-23T11:54:03 IST" name="Test" finished-at="2022-11-23T11:55:39 IST" duration-ms="96293">
      <class name="com.TestNg.AmazonTestNg">
        <test-method is-config="true" signature="browserSetUp()[pri:0, instance:com.TestNg.AmazonTestNg@58d75e99]" started-at="2022-11-23T11:54:03 IST" name="browserSetUp" finished-at="2022-11-23T11:54:05 IST" duration-ms="2611" status="PASS">
          <reporter-output>
          </reporter-output>
        </test-method> <!-- browserSetUp -->
        <test-method is-config="true" signature="urlLaunch()[pri:0, instance:com.TestNg.AmazonTestNg@58d75e99]" started-at="2022-11-23T11:54:05 IST" name="urlLaunch" finished-at="2022-11-23T11:54:51 IST" duration-ms="45902" status="PASS">
          <reporter-output>
          </reporter-output>
        </test-method> <!-- urlLaunch -->
        <test-method signature="productName()[pri:0, instance:com.TestNg.AmazonTestNg@58d75e99]" started-at="2022-11-23T11:54:51 IST" name="productName" finished-at="2022-11-23T11:54:54 IST" duration-ms="2545" status="PASS">
          <reporter-output>
          </reporter-output>
        </test-method> <!-- productName -->
        <test-method signature="allProductName()[pri:1, instance:com.TestNg.AmazonTestNg@58d75e99]" started-at="2022-11-23T11:54:54 IST" name="allProductName" finished-at="2022-11-23T11:55:36 IST" duration-ms="41884" status="PASS">
          <reporter-output>
          </reporter-output>
        </test-method> <!-- allProductName -->
        <test-method signature="totalNumberOfProduct()[pri:0, instance:com.TestNg.AmazonTestNg@58d75e99]" started-at="2022-11-23T11:55:36 IST" name="totalNumberOfProduct" finished-at="2022-11-23T11:55:39 IST" depends-on-methods="com.TestNg.AmazonTestNg.allProductName" duration-ms="3069" status="PASS">
          <reporter-output>
          </reporter-output>
        </test-method> <!-- totalNumberOfProduct -->
        <test-method is-config="true" signature="urlClose()[pri:0, instance:com.TestNg.AmazonTestNg@58d75e99]" started-at="2022-11-23T11:55:39 IST" name="urlClose" finished-at="2022-11-23T11:55:39 IST" duration-ms="72" status="PASS">
          <reporter-output>
          </reporter-output>
        </test-method> <!-- urlClose -->
        <test-method is-config="true" signature="browserclose()[pri:0, instance:com.TestNg.AmazonTestNg@58d75e99]" started-at="2022-11-23T11:55:39 IST" name="browserclose" finished-at="2022-11-23T11:55:39 IST" duration-ms="117" status="PASS">
          <reporter-output>
          </reporter-output>
        </test-method> <!-- browserclose -->
      </class> <!-- com.TestNg.AmazonTestNg -->
    </test> <!-- Test -->
  </suite> <!-- Suite -->
</testng-results>
